mode: set
Task-Code/controllers/bookController.go:13.40,15.14 2 1
Task-Code/controllers/bookController.go:19.2,19.106 1 1
Task-Code/controllers/bookController.go:15.14,17.3 1 1
Task-Code/controllers/bookController.go:23.40,28.14 3 1
Task-Code/controllers/bookController.go:32.2,32.110 1 1
Task-Code/controllers/bookController.go:28.14,30.3 1 1
Task-Code/controllers/bookController.go:35.39,39.50 3 1
Task-Code/controllers/bookController.go:43.2,43.52 1 1
Task-Code/controllers/bookController.go:46.2,46.116 1 1
Task-Code/controllers/bookController.go:39.50,41.3 1 1
Task-Code/controllers/bookController.go:43.52,45.3 1 0
Task-Code/controllers/bookController.go:49.39,56.100 4 1
Task-Code/controllers/bookController.go:60.2,60.114 1 1
Task-Code/controllers/bookController.go:56.100,58.3 1 1
Task-Code/controllers/bookController.go:63.39,68.14 3 1
Task-Code/controllers/bookController.go:71.2,71.123 1 1
Task-Code/controllers/bookController.go:68.14,70.3 1 1
Task-Code/controllers/userController.go:14.39,16.14 2 1
Task-Code/controllers/userController.go:20.2,20.106 1 1
Task-Code/controllers/userController.go:16.14,18.3 1 1
Task-Code/controllers/userController.go:24.40,29.14 3 1
Task-Code/controllers/userController.go:33.2,33.110 1 1
Task-Code/controllers/userController.go:29.14,31.3 1 1
Task-Code/controllers/userController.go:36.39,40.50 3 1
Task-Code/controllers/userController.go:44.2,44.52 1 1
Task-Code/controllers/userController.go:47.2,47.116 1 1
Task-Code/controllers/userController.go:40.50,42.3 1 1
Task-Code/controllers/userController.go:44.52,46.3 1 0
Task-Code/controllers/userController.go:50.39,58.100 5 1
Task-Code/controllers/userController.go:62.2,62.114 1 1
Task-Code/controllers/userController.go:58.100,60.3 1 1
Task-Code/controllers/userController.go:65.39,70.14 3 1
Task-Code/controllers/userController.go:73.2,73.120 1 1
Task-Code/controllers/userController.go:70.14,72.3 1 1
Task-Code/controllers/userController.go:76.38,81.14 4 1
Task-Code/controllers/userController.go:88.2,89.108 2 1
Task-Code/controllers/userController.go:81.14,82.38 1 1
Task-Code/controllers/userController.go:82.38,84.4 1 1
Task-Code/controllers/userController.go:84.9,86.4 1 0
